This is pdfTeX, Version 3.14159265-2.6-1.40.19 (MiKTeX 2.9.6930 64-bit) (preloaded format=pdflatex 2019.2.26)  26 FEB 2019 11:37
entering extended mode
**./assignment1.tex
(assignment1.tex
LaTeX2e <2018-12-01>

("C:\Users\Tamlin\AppData\Local\Programs\MiKTeX 2.9\tex/latex/extsizes\extartic
le.cls"
Document Class: extarticle 1996/10/08 v1.0 Non Standard LaTeX document class
("C:\Users\Tamlin\AppData\Local\Programs\MiKTeX 2.9\tex/latex/base\size12.clo"
File: size12.clo 2018/09/03 v1.4i Standard LaTeX file (size option)
) ("C:\Users\Tamlin\AppData\Local\Programs\MiKTeX 2.9\tex/latex/base\exscale.st
y"
Package: exscale 2018/09/24 v2.1i Standard LaTeX package exscale
LaTeX Font Info:    Redeclaring symbol font `largesymbols' on input line 57.
LaTeX Font Info:    Overwriting symbol font `largesymbols' in version `normal'
(Font)                  OMX/cmex/m/n --> OMX/cmex/m/n on input line 57.
LaTeX Font Info:    Overwriting symbol font `largesymbols' in version `bold'
(Font)                  OMX/cmex/m/n --> OMX/cmex/m/n on input line 57.
\big@size=\dimen102
)
\c@part=\count80
\c@section=\count81
\c@subsection=\count82
\c@subsubsection=\count83
\c@paragraph=\count84
\c@subparagraph=\count85
\c@figure=\count86
\c@table=\count87
\abovecaptionskip=\skip41
\belowcaptionskip=\skip42
\bibindent=\dimen103
)
("C:\Users\Tamlin\AppData\Local\Programs\MiKTeX 2.9\tex/latex/base\inputenc.sty
"
Package: inputenc 2018/08/11 v1.3c Input encoding file
\inpenc@prehook=\toks14
\inpenc@posthook=\toks15
) ("C:\Users\Tamlin\AppData\Local\Programs\MiKTeX 2.9\tex/latex/cite\cite.sty"
LaTeX Info: Redefining \cite on input line 302.
LaTeX Info: Redefining \nocite on input line 332.
Package: cite 2015/02/27  v 5.5
) (assignment1.aux)
\openout1 = `assignment1.aux'.

LaTeX Font Info:    Checking defaults for OML/cmm/m/it on input line 9.
LaTeX Font Info:    ... okay on input line 9.
LaTeX Font Info:    Checking defaults for T1/cmr/m/n on input line 9.
LaTeX Font Info:    ... okay on input line 9.
LaTeX Font Info:    Checking defaults for OT1/cmr/m/n on input line 9.
LaTeX Font Info:    ... okay on input line 9.
LaTeX Font Info:    Checking defaults for OMS/cmsy/m/n on input line 9.
LaTeX Font Info:    ... okay on input line 9.
LaTeX Font Info:    Checking defaults for OMX/cmex/m/n on input line 9.
LaTeX Font Info:    ... okay on input line 9.
LaTeX Font Info:    Checking defaults for U/cmr/m/n on input line 9.
LaTeX Font Info:    ... okay on input line 9.
LaTeX Font Info:    External font `cmex7' loaded for size
(Font)              <7> on input line 11.


LaTeX Warning: Citation `Linhart2014' on page 1 undefined on input line 13.


LaTeX Warning: Citation `Linhart2008' on page 1 undefined on input line 13.


LaTeX Warning: Citation `fractalwiki' on page 1 undefined on input line 15.


LaTeX Warning: Citation `higham1998handbook' undefined on input line 17.

No file assignment1.bbl.
[1

{C:/Users/Tamlin/AppData/Local/MiKTeX/2.9/pdftex/config/pdftex.map}]
(assignment1.aux)

LaTeX Warning: There were undefined references.

 ) 
Here is how much of TeX's memory you used:
 363 strings out of 492946
 6629 string characters out of 3125822
 61973 words of memory out of 3000000
 4329 multiletter control sequences out of 15000+200000
 5908 words of font info for 22 fonts, out of 3000000 for 9000
 1141 hyphenation exceptions out of 8191
 25i,6n,20p,301b,187s stack positions out of 5000i,500n,10000p,200000b,50000s
<C:/Users/Tamlin/AppData/Local/Programs/MiKTeX 2.9/fonts/type1/public/amsfont
s/cm/cmbx12.pfb><C:/Users/Tamlin/AppData/Local/Programs/MiKTeX 2.9/fonts/type1/
public/amsfonts/cm/cmr12.pfb><C:/Users/Tamlin/AppData/Local/Programs/MiKTeX 2.9
/fonts/type1/public/amsfonts/cm/cmr17.pfb>
Output written on assignment1.pdf (1 page, 35358 bytes).
PDF statistics:
 18 PDF objects out of 1000 (max. 8388607)
 0 named destinations out of 1000 (max. 500000)
 1 words of extra memory for PDF output out of 10000 (max. 10000000)

